#
# There is insufficient memory for the Java Runtime Environment to continue.
# Native memory allocation (mmap) failed to map 268435456 bytes for G1 virtual space
# Possible reasons:
#   The system is out of physical RAM or swap space
#   The process is running with CompressedOops enabled, and the Java Heap may be blocking the growth of the native heap
# Possible solutions:
#   Reduce memory load on the system
#   Increase physical memory or swap space
#   Check if swap backing store is full
#   Decrease Java heap size (-Xmx/-Xms)
#   Decrease number of Java threads
#   Decrease Java thread stack sizes (-Xss)
#   Set larger code cache with -XX:ReservedCodeCacheSize=
#   JVM is running with Zero Based Compressed Oops mode in which the Java heap is
#     placed in the first 32GB address space. The Java Heap base address is the
#     maximum limit for the native heap growth. Please use -XX:HeapBaseMinAddress
#     to set the Java Heap base and to place the Java Heap above 32GB virtual address.
# This output file may be truncated or incomplete.
#
#  Out of Memory Error (os_windows.cpp:3557), pid=8972, tid=10552
#
# JRE version:  (17.0.6+10) (build )
# Java VM: OpenJDK 64-Bit Server VM (17.0.6+10, mixed mode, sharing, tiered, compressed oops, compressed class ptrs, g1 gc, windows-amd64)
# No core dump will be written. Minidumps are not enabled by default on client versions of Windows
#

---------------  S U M M A R Y ------------

Command Line: -ea -Dfile.encoding=UTF-8 -XX:+ShowCodeDetailsInExceptionMessages org.testng.remote.RemoteTestNG -serport 61577 -protocol json -d D:\New folder\Java Automation\AppiumHybdrid\test-output D:\New folder\Java Automation\AppiumHybdrid\testng.xml

Host: Intel(R) Core(TM) i7-7600U CPU @ 2.80GHz, 4 cores, 15G,  Windows 10 , 64 bit Build 19041 (10.0.19041.2546)
Time: Thu Apr 13 18:07:42 2023 India Standard Time elapsed time: 0.029165 seconds (0d 0h 0m 0s)

---------------  T H R E A D  ---------------

Current thread (0x0000020e8ca4f930):  JavaThread "Unknown thread" [_thread_in_vm, id=10552, stack(0x0000002facc00000,0x0000002facd00000)]

Stack: [0x0000002facc00000,0x0000002facd00000]
Native frames: (J=compiled Java code, j=interpreted, Vv=VM code, C=native code)
V  [jvm.dll+0x67741a]
V  [jvm.dll+0x834434]
V  [jvm.dll+0x835bde]
V  [jvm.dll+0x836243]
V  [jvm.dll+0x2457b5]
V  [jvm.dll+0x674329]
V  [jvm.dll+0x6689da]
V  [jvm.dll+0x30489b]
V  [jvm.dll+0x30bd96]
V  [jvm.dll+0x35b57e]
V  [jvm.dll+0x35b7af]
V  [jvm.dll+0x2db778]
V  [jvm.dll+0x2dc6e4]
V  [jvm.dll+0x806131]
V  [jvm.dll+0x369331]
V  [jvm.dll+0x7e56ac]
V  [jvm.dll+0x3eb35f]
V  [jvm.dll+0x3ecea1]
C  [jli.dll+0x5267]
C  [ucrtbase.dll+0x21bb2]
C  [KERNEL32.DLL+0x17614]
C  [ntdll.dll+0x526a1]


---------------  P R O C E S S  ---------------

Threads class SMR info:
_java_thread_list=0x00007ffcb7815fd8, length=0, elements={
}

Java Threads: ( => current thread )

Other Threads:
  0x0000020e8cabad20 GCTaskThread "GC Thread#0" [stack: 0x0000002facd00000,0x0000002face00000] [id=10324]
  0x0000020e8cacb9b0 ConcurrentGCThread "G1 Main Marker" [stack: 0x0000002face00000,0x0000002facf00000] [id=12340]
  0x0000020e8cacc2d0 ConcurrentGCThread "G1 Conc#0" [stack: 0x0000002facf00000,0x0000002fad000000] [id=2104]

[error occurred during error reporting (printing all threads), id 0xc0000005, EXCEPTION_ACCESS_VIOLATION (0xc0000005) at pc=0x00007ffcb6fec1e7]

VM state: not at safepoint (not fully initialized)

VM Mutex/Monitor currently owned by a thread:  ([mutex/lock_event])
[0x0000020e8ca4ba90] Heap_lock - owner thread: 0x0000020e8ca4f930

Heap address: 0x0000000701c00000, size: 4068 MB, Compressed Oops mode: Zero based, Oop shift amount: 3

CDS archive(s) mapped at: [0x0000000000000000-0x0000000000000000-0x0000000000000000), size 0, SharedBaseAddress: 0x0000000800000000, ArchiveRelocationMode: 0.
Narrow klass base: 0x0000000000000000, Narrow klass shift: 0, Narrow klass range: 0x0

GC Precious Log:
<Empty>

Heap:
 garbage-first heap   total 0K, used 0K [0x0000000701c00000, 0x0000000800000000)
  region size 2048K, 0 young (0K), 0 survivors (0K)

[error occurred during error reporting (printing heap information), id 0xc0000005, EXCEPTION_ACCESS_VIOLATION (0xc0000005) at pc=0x00007ffcb73d06f9]

GC Heap History (0 events):
No events

Dll operation events (1 events):
Event: 0.020 Loaded shared library C:\Users\Pradeep\.p2\pool\plugins\org.eclipse.justj.openjdk.hotspot.jre.full.win32.x86_64_17.0.6.v20230204-1729\jre\bin\java.dll

Deoptimization events (0 events):
No events

Classes unloaded (0 events):
No events

Classes redefined (0 events):
No events

Internal exceptions (0 events):
No events

VM Operations (0 events):
No events

Events (0 events):
No events


Dynamic libraries:
0x00007ff613380000 - 0x00007ff61338e000 	C:\Users\Pradeep\.p2\pool\plugins\org.eclipse.justj.openjdk.hotspot.jre.full.win32.x86_64_17.0.6.v20230204-1729\jre\bin\javaw.exe
0x00007ffd200d0000 - 0x00007ffd202c8000 	C:\WINDOWS\SYSTEM32\ntdll.dll
0x00007ffd1f320000 - 0x00007ffd1f3df000 	C:\WINDOWS\System32\KERNEL32.DLL
0x00007ffd1d910000 - 0x00007ffd1dbe2000 	C:\WINDOWS\System32\KERNELBASE.dll
0x00007ffd1ddb0000 - 0x00007ffd1deb0000 	C:\WINDOWS\System32\ucrtbase.dll
0x00007ffd18ef0000 - 0x00007ffd18f09000 	C:\Users\Pradeep\.p2\pool\plugins\org.eclipse.justj.openjdk.hotspot.jre.full.win32.x86_64_17.0.6.v20230204-1729\jre\bin\VCRUNTIME140.dll
0x00007ffd16c80000 - 0x00007ffd16c97000 	C:\Users\Pradeep\.p2\pool\plugins\org.eclipse.justj.openjdk.hotspot.jre.full.win32.x86_64_17.0.6.v20230204-1729\jre\bin\jli.dll
0x00007ffd1f4f0000 - 0x00007ffd1f691000 	C:\WINDOWS\System32\USER32.dll
0x00007ffd1d840000 - 0x00007ffd1d862000 	C:\WINDOWS\System32\win32u.dll
0x00007ffd0c8c0000 - 0x00007ffd0cb5a000 	C:\WINDOWS\WinSxS\amd64_microsoft.windows.common-controls_6595b64144ccf1df_6.0.19041.1110_none_60b5254171f9507e\COMCTL32.dll
0x00007ffd1e120000 - 0x00007ffd1e14b000 	C:\WINDOWS\System32\GDI32.dll
0x00007ffd1f6b0000 - 0x00007ffd1f74e000 	C:\WINDOWS\System32\msvcrt.dll
0x00007ffd1e010000 - 0x00007ffd1e11f000 	C:\WINDOWS\System32\gdi32full.dll
0x00007ffd1d870000 - 0x00007ffd1d90d000 	C:\WINDOWS\System32\msvcp_win.dll
0x00007ffd1f770000 - 0x00007ffd1f7a0000 	C:\WINDOWS\System32\IMM32.DLL
0x00007ffd18eb0000 - 0x00007ffd18ebc000 	C:\Users\Pradeep\.p2\pool\plugins\org.eclipse.justj.openjdk.hotspot.jre.full.win32.x86_64_17.0.6.v20230204-1729\jre\bin\vcruntime140_1.dll
0x00007ffcf6b20000 - 0x00007ffcf6bb1000 	C:\Users\Pradeep\.p2\pool\plugins\org.eclipse.justj.openjdk.hotspot.jre.full.win32.x86_64_17.0.6.v20230204-1729\jre\bin\msvcp140.dll
0x00007ffcb6d00000 - 0x00007ffcb7947000 	C:\Users\Pradeep\.p2\pool\plugins\org.eclipse.justj.openjdk.hotspot.jre.full.win32.x86_64_17.0.6.v20230204-1729\jre\bin\server\jvm.dll
0x00007ffd1f3e0000 - 0x00007ffd1f48e000 	C:\WINDOWS\System32\ADVAPI32.dll
0x00007ffd1f150000 - 0x00007ffd1f1ec000 	C:\WINDOWS\System32\sechost.dll
0x00007ffd1f1f0000 - 0x00007ffd1f314000 	C:\WINDOWS\System32\RPCRT4.dll
0x00007ffd0b490000 - 0x00007ffd0b499000 	C:\WINDOWS\SYSTEM32\WSOCK32.dll
0x00007ffd1fb00000 - 0x00007ffd1fb6b000 	C:\WINDOWS\System32\WS2_32.dll
0x00007ffd0c630000 - 0x00007ffd0c657000 	C:\WINDOWS\SYSTEM32\WINMM.dll
0x00007ffd0ea40000 - 0x00007ffd0ea4a000 	C:\WINDOWS\SYSTEM32\VERSION.dll
0x00007ffd1c020000 - 0x00007ffd1c032000 	C:\WINDOWS\SYSTEM32\kernel.appcore.dll
0x00007ffd14ff0000 - 0x00007ffd14ffa000 	C:\Users\Pradeep\.p2\pool\plugins\org.eclipse.justj.openjdk.hotspot.jre.full.win32.x86_64_17.0.6.v20230204-1729\jre\bin\jimage.dll
0x00007ffd1b3a0000 - 0x00007ffd1b584000 	C:\WINDOWS\SYSTEM32\DBGHELP.DLL
0x00007ffd05560000 - 0x00007ffd05595000 	C:\WINDOWS\SYSTEM32\dbgcore.DLL
0x00007ffd1dd20000 - 0x00007ffd1dda2000 	C:\WINDOWS\System32\bcryptPrimitives.dll
0x00007ffd079c0000 - 0x00007ffd079e5000 	C:\Users\Pradeep\.p2\pool\plugins\org.eclipse.justj.openjdk.hotspot.jre.full.win32.x86_64_17.0.6.v20230204-1729\jre\bin\java.dll

dbghelp: loaded successfully - version: 4.0.5 - missing functions: none
symbol engine: initialized successfully - sym options: 0x614 - pdb path: .;C:\Users\Pradeep\.p2\pool\plugins\org.eclipse.justj.openjdk.hotspot.jre.full.win32.x86_64_17.0.6.v20230204-1729\jre\bin;C:\WINDOWS\SYSTEM32;C:\WINDOWS\WinSxS\amd64_microsoft.windows.common-controls_6595b64144ccf1df_6.0.19041.1110_none_60b5254171f9507e;C:\Users\Pradeep\.p2\pool\plugins\org.eclipse.justj.openjdk.hotspot.jre.full.win32.x86_64_17.0.6.v20230204-1729\jre\bin\server

VM Arguments:
jvm_args: -ea -Dfile.encoding=UTF-8 -XX:+ShowCodeDetailsInExceptionMessages 
java_command: org.testng.remote.RemoteTestNG -serport 61577 -protocol json -d D:\New folder\Java Automation\AppiumHybdrid\test-output D:\New folder\Java Automation\AppiumHybdrid\testng.xml
java_class_path (initial): D:\SOFTWARES\Eclipse\eclipse\configuration\org.eclipse.osgi\928\0\.cp\lib\testng-remote.jar;D:\New folder\Java Automation\AppiumHybdrid\target\test-classes;D:\New folder\Java Automation\AppiumHybdrid\target\classes;C:\Users\Pradeep\.p2\pool\plugins\org.testng_7.4.0.r202105021533.jar;C:\Users\Pradeep\.p2\pool\plugins\com.beust.jcommander_1.78.0.jar;C:\Users\Pradeep\.p2\pool\plugins\org.apache-extras.beanshell.bsh_2.0.0.b6.jar;C:\Users\Pradeep\.p2\pool\plugins\org.yaml.snakeyaml_1.27.0.v20221112-0806.jar;C:\Users\Pradeep\.p2\pool\plugins\org.webjars.jquery_3.5.1.jar;C:\Users\Pradeep\.m2\repository\com\aventstack\extentreports\5.0.9\extentreports-5.0.9.jar;C:\Users\Pradeep\.m2\repository\io\reactivex\rxjava3\rxjava\3.0.4\rxjava-3.0.4.jar;C:\Users\Pradeep\.m2\repository\org\reactivestreams\reactive-streams\1.0.3\reactive-streams-1.0.3.jar;C:\Users\Pradeep\.m2\repository\org\freemarker\freemarker\2.3.30\freemarker-2.3.30.jar;C:\Users\Pradeep\.m2\repository\org\projectlombok\lombok\1.18.12\lombok-1.18.12.jar;C:\Users\Pradeep\.m2\repository\com\google\code\gson\gson\2.8.6\gson-2.8.6.jar;C:\Users\Pradeep\.m2\repository\org\apache\poi\poi\5.2.3\poi-5.2.3.jar;C:\Users\Pradeep\.m2\repository\commons-codec\commons-codec\1.15\commons-codec-1.15.jar;C:\Users\Pradeep\.m2\repository\org\apache\commons\commons-collections4\4.4\commons-collections4-4.4.jar;C:\Users\Pradeep\.m2\repository\org\apache\commons\commons-math3\3.6.1\commons-math3-3.6.1.jar;C:\Users\Pradeep\.m2\repository\commons-io\commons-io\2.11.0\commons-io-2.11.0.jar;C:\Users\Pradeep\.m2\repository\com\zaxxer\SparseBitSet\1.2\SparseBitSet-1.2.jar;C:\Users\Pradeep\.m2\repository\org\apache\logging\log4j\log4j-api\2.18.0\log4j-api-2.18.0.jar;C:\Users\Pradeep\.m2\repository\io\appium\java-client\8.3.0\java-client-8.3.0.jar;C:\Users\Pradeep\.m2\repository\org\seleniumhq\selenium\selenium-api\4.8.3\selenium-api-4.8.3.jar;C:\Users\Pradeep\.m2\repository\org\seleniumhq\selenium\selenium-remote-driv
Launcher Type: SUN_STANDARD

[Global flags]
     intx CICompilerCount                          = 3                                         {product} {ergonomic}
     uint ConcGCThreads                            = 1                                         {product} {ergonomic}
     uint G1ConcRefinementThreads                  = 4                                         {product} {ergonomic}
   size_t G1HeapRegionSize                         = 2097152                                   {product} {ergonomic}
    uintx GCDrainStackTargetSize                   = 64                                        {product} {ergonomic}
   size_t InitialHeapSize                          = 268435456                                 {product} {ergonomic}
   size_t MarkStackSize                            = 4194304                                   {product} {ergonomic}
   size_t MaxHeapSize                              = 4265607168                                {product} {ergonomic}
   size_t MinHeapDeltaBytes                        = 2097152                                   {product} {ergonomic}
   size_t MinHeapSize                              = 8388608                                   {product} {ergonomic}
    uintx NonNMethodCodeHeapSize                   = 5832780                                {pd product} {ergonomic}
    uintx NonProfiledCodeHeapSize                  = 122912730                              {pd product} {ergonomic}
    uintx ProfiledCodeHeapSize                     = 122912730                              {pd product} {ergonomic}
    uintx ReservedCodeCacheSize                    = 251658240                              {pd product} {ergonomic}
     bool SegmentedCodeCache                       = true                                      {product} {ergonomic}
     bool ShowCodeDetailsInExceptionMessages       = true                                   {manageable} {command line}
   size_t SoftMaxHeapSize                          = 4265607168                             {manageable} {ergonomic}
     bool UseCompressedClassPointers               = true                           {product lp64_product} {ergonomic}
     bool UseCompressedOops                        = true                           {product lp64_product} {ergonomic}
     bool UseG1GC                                  = true                                      {product} {ergonomic}
     bool UseLargePagesIndividualAllocation        = false                                  {pd product} {ergonomic}

Logging:
Log output configuration:
 #0: stdout all=warning uptime,level,tags
 #1: stderr all=off uptime,level,tags

Environment Variables:
JAVA_HOME=C:\Program Files\Java\jdk-11.0.17\bin
PATH=C:/Users/Pradeep/.p2/pool/plugins/org.eclipse.justj.openjdk.hotspot.jre.full.win32.x86_64_18.0.2.v20221005-1040/jre/bin/server;C:/Users/Pradeep/.p2/pool/plugins/org.eclipse.justj.openjdk.hotspot.jre.full.win32.x86_64_18.0.2.v20221005-1040/jre/bin;C:\Program Files\Common Files\Oracle\Java\javapath;C:\Program Files (x86)\Intel\iCLS Client\;C:\Program Files\Intel\iCLS Client\;C:\WINDOWS\system32;C:\WINDOWS;C:\WINDOWS\System32\Wbem;C:\WINDOWS\System32\WindowsPowerShell\v1.0\;C:\Program Files (x86)\Intel\Intel(R) Management Engine Components\DAL;C:\Program Files\Intel\Intel(R) Management Engine Components\DAL;C:\Program Files (x86)\Intel\Intel(R) Management Engine Components\IPT;C:\Program Files\Intel\Intel(R) Management Engine Components\IPT;C:\WINDOWS\System32\OpenSSH\;C:\Program Files\Java\jdk-11.0.17\bin\java.exe;C:\Program Files\Java\jdk-11.0.17\bin\javac.exe;C:\Users\Pradeep\AppData\Local\Android\Sdk\platform-tools;C:\Users\Pradeep\AppData\Local\Android\Sdk\build-tools;C:\Users\Pradeep\AppData\Local\Android\Sdk\platforms;C:\Program Files\nodejs\;C:\Users\Pradeep\AppData\Local\Programs\Python\Python311\Scripts\;C:\Users\Pradeep\AppData\Local\Programs\Python\Python311\;C:\Users\Pradeep\AppData\Local\Microsoft\WindowsApps;C:\Users\Pradeep\AppData\Local\Programs\Git\cmd;C:\Users\Pradeep\AppData\Roaming\npm;C:\Users\Pradeep\Desktop;
USERNAME=Pradeep
OS=Windows_NT
PROCESSOR_IDENTIFIER=Intel64 Family 6 Model 142 Stepping 9, GenuineIntel
TMP=C:\Users\Pradeep\AppData\Local\Temp
TEMP=C:\Users\Pradeep\AppData\Local\Temp



---------------  S Y S T E M  ---------------

OS:
 Windows 10 , 64 bit Build 19041 (10.0.19041.2546)
OS uptime: 0 days 5:55 hours

CPU: total 4 (initial active 4) (2 cores per cpu, 2 threads per core) family 6 model 142 stepping 9 microcode 0xb4, cx8, cmov, fxsr, ht, mmx, 3dnowpref, sse, sse2, sse3, ssse3, sse4.1, sse4.2, popcnt, lzcnt, tsc, tscinvbit, avx, avx2, aes, erms, clmul, bmi1, bmi2, rtm, adx, fma, vzeroupper, clflush, clflushopt

Memory: 4k page, system-wide physical 16268M (489M free)
TotalPageFile size 31392M (AvailPageFile size 97M)
current process WorkingSet (physical memory assigned to process): 10M, peak: 10M
current process commit charge ("private bytes"): 51M, peak: 307M

vm_info: OpenJDK 64-Bit Server VM (17.0.6+10) for windows-amd64 JRE (17.0.6+10), built on Jan 18 2023 10:08:59 by "temurin" with MS VC++ 16.7 (VS2019)

END.
